\\HS6.LBORO.AC.UK\COSYLY\VISUAL STUDIO 2012\PROJECTS\COURSEWORK\COURSEWORK\DEBUG\DATACONFIG.OBJ
\\HS6.LBORO.AC.UK\COSYLY\VISUAL STUDIO 2012\PROJECTS\COURSEWORK\COURSEWORK\DEBUG\DATAIO.OBJ
\\HS6.LBORO.AC.UK\COSYLY\VISUAL STUDIO 2012\PROJECTS\COURSEWORK\COURSEWORK\DEBUG\DATE.OBJ
\\HS6.LBORO.AC.UK\COSYLY\VISUAL STUDIO 2012\PROJECTS\COURSEWORK\COURSEWORK\DEBUG\MAIN.OBJ
\\HS6.LBORO.AC.UK\COSYLY\VISUAL STUDIO 2012\PROJECTS\COURSEWORK\COURSEWORK\DEBUG\USERINTERFACE.OBJ
\\HS6.LBORO.AC.UK\COSYLY\VISUAL STUDIO 2012\PROJECTS\COURSEWORK\COURSEWORK\DEBUG\VC110.PDB
\\HS6.LBORO.AC.UK\COSYLY\VISUAL STUDIO 2012\PROJECTS\COURSEWORK\DEBUG\COURSEWORK.ILK
\\HS6.LBORO.AC.UK\COSYLY\VISUAL STUDIO 2012\PROJECTS\COURSEWORK\DEBUG\COURSEWORK.EXE
\\HS6.LBORO.AC.UK\COSYLY\VISUAL STUDIO 2012\PROJECTS\COURSEWORK\DEBUG\COURSEWORK.PDB
\\hs6.lboro.ac.uk\cosyly\Visual Studio 2012\Projects\Coursework\Coursework\Debug\DataConfig.obj
\\hs6.lboro.ac.uk\cosyly\Visual Studio 2012\Projects\Coursework\Coursework\Debug\DataIO.obj
\\hs6.lboro.ac.uk\cosyly\Visual Studio 2012\Projects\Coursework\Coursework\Debug\Date.obj
\\hs6.lboro.ac.uk\cosyly\Visual Studio 2012\Projects\Coursework\Coursework\Debug\Main.obj
\\hs6.lboro.ac.uk\cosyly\Visual Studio 2012\Projects\Coursework\Coursework\Debug\UserInterface.obj
\\hs6.lboro.ac.uk\cosyly\Visual Studio 2012\Projects\Coursework\Coursework\Debug\CL.read.1.tlog
\\hs6.lboro.ac.uk\cosyly\Visual Studio 2012\Projects\Coursework\Coursework\Debug\CL.write.1.tlog
\\hs6.lboro.ac.uk\cosyly\Visual Studio 2012\Projects\Coursework\Coursework\Debug\cl.command.1.tlog
\\hs6.lboro.ac.uk\cosyly\Visual Studio 2012\Projects\Coursework\Coursework\Debug\link-rc.read.1.tlog
\\hs6.lboro.ac.uk\cosyly\Visual Studio 2012\Projects\Coursework\Coursework\Debug\link-rc.write.1.tlog
\\hs6.lboro.ac.uk\cosyly\Visual Studio 2012\Projects\Coursework\Coursework\Debug\link-cvtres.read.1.tlog
\\hs6.lboro.ac.uk\cosyly\Visual Studio 2012\Projects\Coursework\Coursework\Debug\link-cvtres.write.1.tlog
\\hs6.lboro.ac.uk\cosyly\Visual Studio 2012\Projects\Coursework\Coursework\Debug\link.read.1.tlog
\\hs6.lboro.ac.uk\cosyly\Visual Studio 2012\Projects\Coursework\Coursework\Debug\link.write.1.tlog
\\hs6.lboro.ac.uk\cosyly\Visual Studio 2012\Projects\Coursework\Coursework\Debug\link.command.1.tlog
\\hs6.lboro.ac.uk\cosyly\Visual Studio 2012\Projects\Coursework\Coursework\Debug\vc110.idb
\\hs6.lboro.ac.uk\cosyly\Visual Studio 2012\Projects\Coursework\Coursework\Debug\vc110.pdb
\\hs6.lboro.ac.uk\cosyly\Visual Studio 2012\Projects\Coursework\Debug\Coursework.pdb
\\hs6.lboro.ac.uk\cosyly\Visual Studio 2012\Projects\Coursework\Debug\Coursework.exe
\\hs6.lboro.ac.uk\cosyly\Visual Studio 2012\Projects\Coursework\Debug\Coursework.ilk
